<?xml version="1.0" encoding="UTF-8"?>
<testng-results skipped="0" failed="0" ignored="0" total="0" passed="0">
  <reporter-output>
  </reporter-output>
  <suite name="hiq-employee-test by packages" duration-ms="16" started-at="2018-09-12T12:38:35Z" finished-at="2018-09-12T12:38:35Z">
    <groups>
    </groups>
    <test name="se.hiq" duration-ms="16" started-at="2018-09-12T12:38:35Z" finished-at="2018-09-12T12:38:35Z">
    </test> <!-- se.hiq -->
  </suite> <!-- hiq-employee-test by packages -->
</testng-results>
