<?xml version="1.0" encoding="UTF-8"?>
<testng-results skipped="1" failed="0" total="1" passed="0">
  <reporter-output>
  </reporter-output>
  <suite name="Default suite" duration-ms="33" started-at="2018-08-31T07:23:49Z" finished-at="2018-08-31T07:23:49Z">
    <groups>
    </groups>
    <test name="Default test" duration-ms="33" started-at="2018-08-31T07:23:49Z" finished-at="2018-08-31T07:23:49Z">
      <class name="parallelTest.CrossBrowserScript">
        <test-method status="FAIL" signature="setup(java.lang.String)[pri:0, instance:parallelTest.CrossBrowserScript@ae45eb6]" name="setup" is-config="true" duration-ms="0" started-at="2018-08-31T09:23:49Z" finished-at="2018-08-31T09:23:49Z">
          <exception class="org.testng.TestNGException">
            <message>
              <![CDATA[
Parameter 'browser' is required by @Configuration on method setup but has not been marked @Optional or defined
in C:\Users\jakobda\AppData\Local\Temp\testng-eclipse--1417107613\testng-customsuite.xml]]>
            </message>
            <full-stacktrace>
              <![CDATA[org.testng.TestNGException: 
Parameter 'browser' is required by @Configuration on method setup but has not been marked @Optional or defined
in C:\Users\jakobda\AppData\Local\Temp\testng-eclipse--1417107613\testng-customsuite.xml
	at org.testng.internal.Parameters.createParameters(Parameters.java:155)
	at org.testng.internal.Parameters.createParameters(Parameters.java:355)
	at org.testng.internal.Parameters.createConfigurationParameters(Parameters.java:86)
	at org.testng.internal.Invoker.invokeConfigurations(Invoker.java:199)
	at org.testng.internal.Invoker.invokeConfigurations(Invoker.java:138)
	at org.testng.TestRunner.beforeRun(TestRunner.java:641)
	at org.testng.TestRunner.run(TestRunner.java:609)
	at org.testng.SuiteRunner.runTest(SuiteRunner.java:334)
	at org.testng.SuiteRunner.runSequentially(SuiteRunner.java:329)
	at org.testng.SuiteRunner.privateRun(SuiteRunner.java:291)
	at org.testng.SuiteRunner.run(SuiteRunner.java:240)
	at org.testng.SuiteRunnerWorker.runSuite(SuiteRunnerWorker.java:52)
	at org.testng.SuiteRunnerWorker.run(SuiteRunnerWorker.java:86)
	at org.testng.TestNG.runSuitesSequentially(TestNG.java:1198)
	at org.testng.TestNG.runSuitesLocally(TestNG.java:1123)
	at org.testng.TestNG.run(TestNG.java:1031)
	at org.testng.remote.AbstractRemoteTestNG.run(AbstractRemoteTestNG.java:114)
	at org.testng.remote.RemoteTestNG.initAndRun(RemoteTestNG.java:251)
	at org.testng.remote.RemoteTestNG.main(RemoteTestNG.java:77)
]]>
            </full-stacktrace>
          </exception> <!-- org.testng.TestNGException -->
          <reporter-output>
          </reporter-output>
        </test-method> <!-- setup -->
        <test-method status="SKIP" signature="testParameterWithXML()[pri:0, instance:parallelTest.CrossBrowserScript@ae45eb6]" name="testParameterWithXML" duration-ms="5" started-at="2018-08-31T09:23:49Z" finished-at="2018-08-31T09:23:49Z">
          <reporter-output>
          </reporter-output>
        </test-method> <!-- testParameterWithXML -->
      </class> <!-- parallelTest.CrossBrowserScript -->
    </test> <!-- Default test -->
  </suite> <!-- Default suite -->
</testng-results>
