<?xml version="1.0" encoding="UTF-8"?>
<!-- Generated by org.testng.reporters.JUnitXMLReporter -->
<testsuite hostname="HIQSTOL711" name="FirefoxTest" tests="1" failures="0" timestamp="30 Aug 2018 14:49:42 GMT" time="45.726" errors="0">
  <testcase name="@BeforeTest setup" time="0.0" classname="parallelTest.CrossBrowserScript">
    <failure type="org.openqa.selenium.WebDriverException" message="Timed out waiting 45 seconds for Firefox to start.
Build info: version: &amp;apos;3.5.2&amp;apos;, revision: &amp;apos;10229a9&amp;apos;, time: &amp;apos;2017-08-21T17:29:55.15Z&amp;apos;
System info: host: &amp;apos;HIQSTOL711&amp;apos;, ip: &amp;apos;10.66.44.143&amp;apos;, os.name: &amp;apos;Windows 10&amp;apos;, os.arch: &amp;apos;amd64&amp;apos;, os.version: &amp;apos;10.0&amp;apos;, java.version: &amp;apos;1.8.0_181&amp;apos;
Driver info: driver.version: FirefoxDriver">
      <![CDATA[org.openqa.selenium.WebDriverException: Timed out waiting 45 seconds for Firefox to start.
Build info: version: '3.5.2', revision: '10229a9', time: '2017-08-21T17:29:55.15Z'
System info: host: 'HIQSTOL711', ip: '10.66.44.143', os.name: 'Windows 10', os.arch: 'amd64', os.version: '10.0', java.version: '1.8.0_181'
Driver info: driver.version: FirefoxDriver
	at org.openqa.selenium.firefox.XpiDriverService.waitUntilAvailable(XpiDriverService.java:112)
	at org.openqa.selenium.firefox.XpiDriverService.start(XpiDriverService.java:97)
	at org.openqa.selenium.remote.service.DriverCommandExecutor.execute(DriverCommandExecutor.java:78)
	at org.openqa.selenium.remote.RemoteWebDriver.execute(RemoteWebDriver.java:641)
	at org.openqa.selenium.remote.RemoteWebDriver.startSession(RemoteWebDriver.java:254)
	at org.openqa.selenium.remote.RemoteWebDriver.startSession(RemoteWebDriver.java:236)
	at org.openqa.selenium.remote.RemoteWebDriver.<init>(RemoteWebDriver.java:137)
	at org.openqa.selenium.firefox.FirefoxDriver.<init>(FirefoxDriver.java:191)
	at org.openqa.selenium.firefox.FirefoxDriver.<init>(FirefoxDriver.java:103)
	at org.openqa.selenium.firefox.FirefoxDriver.<init>(FirefoxDriver.java:99)
	at parallelTest.CrossBrowserScript.setup(CrossBrowserScript.java:31)
	at java.util.concurrent.FutureTask.run(Unknown Source)
	at java.util.concurrent.ThreadPoolExecutor.runWorker(Unknown Source)
	at java.util.concurrent.ThreadPoolExecutor$Worker.run(Unknown Source)
	at java.lang.Thread.run(Unknown Source)
Caused by: org.openqa.selenium.net.UrlChecker$TimeoutException: Timed out waiting for [http://localhost:13585/hub/status] to be available after 45001 ms
	at org.openqa.selenium.net.UrlChecker.waitUntilAvailable(UrlChecker.java:102)
	at org.openqa.selenium.firefox.XpiDriverService.waitUntilAvailable(XpiDriverService.java:110)
	... 28 more
Caused by: java.util.concurrent.TimeoutException
	at java.util.concurrent.FutureTask.get(Unknown Source)
	at com.google.common.util.concurrent.SimpleTimeLimiter.callWithTimeout(SimpleTimeLimiter.java:147)
	at org.openqa.selenium.net.UrlChecker.waitUntilAvailable(UrlChecker.java:77)
	... 29 more
... Removed 14 stack frames]]>
    </failure>
  </testcase> <!-- @BeforeTest setup -->
  <testcase name="testParameterWithXML" time="0.012" classname="parallelTest.CrossBrowserScript">
    <skipped/>
  </testcase> <!-- testParameterWithXML -->
</testsuite> <!-- FirefoxTest -->
